Determining if the pthread_create exist failed with the following output:
Change Dir: /home/ahlab/AirTurtle/basic_functionalities/navigation/build/CMakeFiles/CMakeTmp

Run Build Command:/usr/bin/make "cmTryCompileExec2330831901/fast"
/usr/bin/make -f CMakeFiles/cmTryCompileExec2330831901.dir/build.make CMakeFiles/cmTryCompileExec2330831901.dir/build
make[1]: Entering directory `/home/ahlab/AirTurtle/basic_functionalities/navigation/build/CMakeFiles/CMakeTmp'
/usr/bin/cmake -E cmake_progress_report /home/ahlab/AirTurtle/basic_functionalities/navigation/build/CMakeFiles/CMakeTmp/CMakeFiles 1
Building C object CMakeFiles/cmTryCompileExec2330831901.dir/CheckSymbolExists.c.o
/usr/bin/cc    -o CMakeFiles/cmTryCompileExec2330831901.dir/CheckSymbolExists.c.o   -c /home/ahlab/AirTurtle/basic_functionalities/navigation/build/CMakeFiles/CMakeTmp/CheckSymbolExists.c
Linking C executable cmTryCompileExec2330831901
/usr/bin/cmake -E cmake_link_script CMakeFiles/cmTryCompileExec2330831901.dir/link.txt --verbose=1
/usr/bin/cc       CMakeFiles/cmTryCompileExec2330831901.dir/CheckSymbolExists.c.o  -o cmTryCompileExec2330831901 -rdynamic 
CMakeFiles/cmTryCompileExec2330831901.dir/CheckSymbolExists.c.o: In function `main':
CheckSymbolExists.c:(.text+0xa): undefined reference to `pthread_create'
collect2: error: ld returned 1 exit status
make[1]: *** [cmTryCompileExec2330831901] Error 1
make[1]: Leaving directory `/home/ahlab/AirTurtle/basic_functionalities/navigation/build/CMakeFiles/CMakeTmp'
make: *** [cmTryCompileExec2330831901/fast] Error 2

File /home/ahlab/AirTurtle/basic_functionalities/navigation/build/CMakeFiles/CMakeTmp/CheckSymbolExists.c:
/* */
#include <pthread.h>

int main(int argc, char** argv)
{
  (void)argv;
#ifndef pthread_create
  return ((int*)(&pthread_create))[argc];
#else
  (void)argc;
  return 0;
#endif
}

Determining if the function pthread_create exists in the pthreads failed with the following output:
Change Dir: /home/ahlab/AirTurtle/basic_functionalities/navigation/build/CMakeFiles/CMakeTmp

Run Build Command:/usr/bin/make "cmTryCompileExec1854347305/fast"
/usr/bin/make -f CMakeFiles/cmTryCompileExec1854347305.dir/build.make CMakeFiles/cmTryCompileExec1854347305.dir/build
make[1]: Entering directory `/home/ahlab/AirTurtle/basic_functionalities/navigation/build/CMakeFiles/CMakeTmp'
/usr/bin/cmake -E cmake_progress_report /home/ahlab/AirTurtle/basic_functionalities/navigation/build/CMakeFiles/CMakeTmp/CMakeFiles 1
Building C object CMakeFiles/cmTryCompileExec1854347305.dir/CheckFunctionExists.c.o
/usr/bin/cc   -DCHECK_FUNCTION_EXISTS=pthread_create   -o CMakeFiles/cmTryCompileExec1854347305.dir/CheckFunctionExists.c.o   -c /usr/share/cmake-2.8/Modules/CheckFunctionExists.c
Linking C executable cmTryCompileExec1854347305
/usr/bin/cmake -E cmake_link_script CMakeFiles/cmTryCompileExec1854347305.dir/link.txt --verbose=1
/usr/bin/cc   -DCHECK_FUNCTION_EXISTS=pthread_create    CMakeFiles/cmTryCompileExec1854347305.dir/CheckFunctionExists.c.o  -o cmTryCompileExec1854347305 -rdynamic -lpthreads 
/usr/bin/ld: cannot find -lpthreads
collect2: error: ld returned 1 exit status
make[1]: *** [cmTryCompileExec1854347305] Error 1
make[1]: Leaving directory `/home/ahlab/AirTurtle/basic_functionalities/navigation/build/CMakeFiles/CMakeTmp'
make: *** [cmTryCompileExec1854347305/fast] Error 2


