Determining if the pthread_create exist failed with the following output:
Change Dir: /home/ahlab/AirTurtle/basic_functionalities/camera_module/build/CMakeFiles/CMakeTmp

Run Build Command:/usr/bin/make "cmTryCompileExec4007330238/fast"
/usr/bin/make -f CMakeFiles/cmTryCompileExec4007330238.dir/build.make CMakeFiles/cmTryCompileExec4007330238.dir/build
make[1]: Entering directory `/home/ahlab/AirTurtle/basic_functionalities/camera_module/build/CMakeFiles/CMakeTmp'
/usr/bin/cmake -E cmake_progress_report /home/ahlab/AirTurtle/basic_functionalities/camera_module/build/CMakeFiles/CMakeTmp/CMakeFiles 1
Building C object CMakeFiles/cmTryCompileExec4007330238.dir/CheckSymbolExists.c.o
/usr/bin/cc    -o CMakeFiles/cmTryCompileExec4007330238.dir/CheckSymbolExists.c.o   -c /home/ahlab/AirTurtle/basic_functionalities/camera_module/build/CMakeFiles/CMakeTmp/CheckSymbolExists.c
Linking C executable cmTryCompileExec4007330238
/usr/bin/cmake -E cmake_link_script CMakeFiles/cmTryCompileExec4007330238.dir/link.txt --verbose=1
/usr/bin/cc       CMakeFiles/cmTryCompileExec4007330238.dir/CheckSymbolExists.c.o  -o cmTryCompileExec4007330238 -rdynamic 
CMakeFiles/cmTryCompileExec4007330238.dir/CheckSymbolExists.c.o: In function `main':
CheckSymbolExists.c:(.text+0xa): undefined reference to `pthread_create'
collect2: error: ld returned 1 exit status
make[1]: *** [cmTryCompileExec4007330238] Error 1
make[1]: Leaving directory `/home/ahlab/AirTurtle/basic_functionalities/camera_module/build/CMakeFiles/CMakeTmp'
make: *** [cmTryCompileExec4007330238/fast] Error 2

File /home/ahlab/AirTurtle/basic_functionalities/camera_module/build/CMakeFiles/CMakeTmp/CheckSymbolExists.c:
/* */
#include <pthread.h>

int main(int argc, char** argv)
{
  (void)argv;
#ifndef pthread_create
  return ((int*)(&pthread_create))[argc];
#else
  (void)argc;
  return 0;
#endif
}

Determining if the function pthread_create exists in the pthreads failed with the following output:
Change Dir: /home/ahlab/AirTurtle/basic_functionalities/camera_module/build/CMakeFiles/CMakeTmp

Run Build Command:/usr/bin/make "cmTryCompileExec524170309/fast"
/usr/bin/make -f CMakeFiles/cmTryCompileExec524170309.dir/build.make CMakeFiles/cmTryCompileExec524170309.dir/build
make[1]: Entering directory `/home/ahlab/AirTurtle/basic_functionalities/camera_module/build/CMakeFiles/CMakeTmp'
/usr/bin/cmake -E cmake_progress_report /home/ahlab/AirTurtle/basic_functionalities/camera_module/build/CMakeFiles/CMakeTmp/CMakeFiles 1
Building C object CMakeFiles/cmTryCompileExec524170309.dir/CheckFunctionExists.c.o
/usr/bin/cc   -DCHECK_FUNCTION_EXISTS=pthread_create   -o CMakeFiles/cmTryCompileExec524170309.dir/CheckFunctionExists.c.o   -c /usr/share/cmake-2.8/Modules/CheckFunctionExists.c
Linking C executable cmTryCompileExec524170309
/usr/bin/cmake -E cmake_link_script CMakeFiles/cmTryCompileExec524170309.dir/link.txt --verbose=1
/usr/bin/cc   -DCHECK_FUNCTION_EXISTS=pthread_create    CMakeFiles/cmTryCompileExec524170309.dir/CheckFunctionExists.c.o  -o cmTryCompileExec524170309 -rdynamic -lpthreads 
/usr/bin/ld: cannot find -lpthreads
collect2: error: ld returned 1 exit status
make[1]: *** [cmTryCompileExec524170309] Error 1
make[1]: Leaving directory `/home/ahlab/AirTurtle/basic_functionalities/camera_module/build/CMakeFiles/CMakeTmp'
make: *** [cmTryCompileExec524170309/fast] Error 2


