Determining if the pthread_create exist failed with the following output:
Change Dir: /home/ahlab/AirTurtle/basic_funcionalities/line_sensor_module/build/CMakeFiles/CMakeTmp

Run Build Command:/usr/bin/make "cmTryCompileExec70097626/fast"
/usr/bin/make -f CMakeFiles/cmTryCompileExec70097626.dir/build.make CMakeFiles/cmTryCompileExec70097626.dir/build
make[1]: Entering directory `/home/ahlab/AirTurtle/basic_funcionalities/line_sensor_module/build/CMakeFiles/CMakeTmp'
/usr/bin/cmake -E cmake_progress_report /home/ahlab/AirTurtle/basic_funcionalities/line_sensor_module/build/CMakeFiles/CMakeTmp/CMakeFiles 1
Building C object CMakeFiles/cmTryCompileExec70097626.dir/CheckSymbolExists.c.o
/usr/bin/cc    -o CMakeFiles/cmTryCompileExec70097626.dir/CheckSymbolExists.c.o   -c /home/ahlab/AirTurtle/basic_funcionalities/line_sensor_module/build/CMakeFiles/CMakeTmp/CheckSymbolExists.c
Linking C executable cmTryCompileExec70097626
/usr/bin/cmake -E cmake_link_script CMakeFiles/cmTryCompileExec70097626.dir/link.txt --verbose=1
/usr/bin/cc       CMakeFiles/cmTryCompileExec70097626.dir/CheckSymbolExists.c.o  -o cmTryCompileExec70097626 -rdynamic 
CMakeFiles/cmTryCompileExec70097626.dir/CheckSymbolExists.c.o: In function `main':
CheckSymbolExists.c:(.text+0xa): undefined reference to `pthread_create'
collect2: error: ld returned 1 exit status
make[1]: *** [cmTryCompileExec70097626] Error 1
make[1]: Leaving directory `/home/ahlab/AirTurtle/basic_funcionalities/line_sensor_module/build/CMakeFiles/CMakeTmp'
make: *** [cmTryCompileExec70097626/fast] Error 2

File /home/ahlab/AirTurtle/basic_funcionalities/line_sensor_module/build/CMakeFiles/CMakeTmp/CheckSymbolExists.c:
/* */
#include <pthread.h>

int main(int argc, char** argv)
{
  (void)argv;
#ifndef pthread_create
  return ((int*)(&pthread_create))[argc];
#else
  (void)argc;
  return 0;
#endif
}

Determining if the function pthread_create exists in the pthreads failed with the following output:
Change Dir: /home/ahlab/AirTurtle/basic_funcionalities/line_sensor_module/build/CMakeFiles/CMakeTmp

Run Build Command:/usr/bin/make "cmTryCompileExec2250651200/fast"
/usr/bin/make -f CMakeFiles/cmTryCompileExec2250651200.dir/build.make CMakeFiles/cmTryCompileExec2250651200.dir/build
make[1]: Entering directory `/home/ahlab/AirTurtle/basic_funcionalities/line_sensor_module/build/CMakeFiles/CMakeTmp'
/usr/bin/cmake -E cmake_progress_report /home/ahlab/AirTurtle/basic_funcionalities/line_sensor_module/build/CMakeFiles/CMakeTmp/CMakeFiles 1
Building C object CMakeFiles/cmTryCompileExec2250651200.dir/CheckFunctionExists.c.o
/usr/bin/cc   -DCHECK_FUNCTION_EXISTS=pthread_create   -o CMakeFiles/cmTryCompileExec2250651200.dir/CheckFunctionExists.c.o   -c /usr/share/cmake-2.8/Modules/CheckFunctionExists.c
Linking C executable cmTryCompileExec2250651200
/usr/bin/cmake -E cmake_link_script CMakeFiles/cmTryCompileExec2250651200.dir/link.txt --verbose=1
/usr/bin/cc   -DCHECK_FUNCTION_EXISTS=pthread_create    CMakeFiles/cmTryCompileExec2250651200.dir/CheckFunctionExists.c.o  -o cmTryCompileExec2250651200 -rdynamic -lpthreads 
/usr/bin/ld: cannot find -lpthreads
collect2: error: ld returned 1 exit status
make[1]: *** [cmTryCompileExec2250651200] Error 1
make[1]: Leaving directory `/home/ahlab/AirTurtle/basic_funcionalities/line_sensor_module/build/CMakeFiles/CMakeTmp'
make: *** [cmTryCompileExec2250651200/fast] Error 2


