Determining if the pthread_create exist failed with the following output:
Change Dir: /home/ahlab/AirTurtle/basic_funcionalities/line_sensor/build/CMakeFiles/CMakeTmp

Run Build Command:/usr/bin/make "cmTryCompileExec2682556591/fast"
/usr/bin/make -f CMakeFiles/cmTryCompileExec2682556591.dir/build.make CMakeFiles/cmTryCompileExec2682556591.dir/build
make[1]: Entering directory `/home/ahlab/AirTurtle/basic_funcionalities/line_sensor/build/CMakeFiles/CMakeTmp'
/usr/bin/cmake -E cmake_progress_report /home/ahlab/AirTurtle/basic_funcionalities/line_sensor/build/CMakeFiles/CMakeTmp/CMakeFiles 1
Building C object CMakeFiles/cmTryCompileExec2682556591.dir/CheckSymbolExists.c.o
/usr/bin/cc    -o CMakeFiles/cmTryCompileExec2682556591.dir/CheckSymbolExists.c.o   -c /home/ahlab/AirTurtle/basic_funcionalities/line_sensor/build/CMakeFiles/CMakeTmp/CheckSymbolExists.c
Linking C executable cmTryCompileExec2682556591
/usr/bin/cmake -E cmake_link_script CMakeFiles/cmTryCompileExec2682556591.dir/link.txt --verbose=1
/usr/bin/cc       CMakeFiles/cmTryCompileExec2682556591.dir/CheckSymbolExists.c.o  -o cmTryCompileExec2682556591 -rdynamic 
CMakeFiles/cmTryCompileExec2682556591.dir/CheckSymbolExists.c.o: In function `main':
CheckSymbolExists.c:(.text+0xa): undefined reference to `pthread_create'
collect2: error: ld returned 1 exit status
make[1]: *** [cmTryCompileExec2682556591] Error 1
make[1]: Leaving directory `/home/ahlab/AirTurtle/basic_funcionalities/line_sensor/build/CMakeFiles/CMakeTmp'
make: *** [cmTryCompileExec2682556591/fast] Error 2

File /home/ahlab/AirTurtle/basic_funcionalities/line_sensor/build/CMakeFiles/CMakeTmp/CheckSymbolExists.c:
/* */
#include <pthread.h>

int main(int argc, char** argv)
{
  (void)argv;
#ifndef pthread_create
  return ((int*)(&pthread_create))[argc];
#else
  (void)argc;
  return 0;
#endif
}

Determining if the function pthread_create exists in the pthreads failed with the following output:
Change Dir: /home/ahlab/AirTurtle/basic_funcionalities/line_sensor/build/CMakeFiles/CMakeTmp

Run Build Command:/usr/bin/make "cmTryCompileExec31345207/fast"
/usr/bin/make -f CMakeFiles/cmTryCompileExec31345207.dir/build.make CMakeFiles/cmTryCompileExec31345207.dir/build
make[1]: Entering directory `/home/ahlab/AirTurtle/basic_funcionalities/line_sensor/build/CMakeFiles/CMakeTmp'
/usr/bin/cmake -E cmake_progress_report /home/ahlab/AirTurtle/basic_funcionalities/line_sensor/build/CMakeFiles/CMakeTmp/CMakeFiles 1
Building C object CMakeFiles/cmTryCompileExec31345207.dir/CheckFunctionExists.c.o
/usr/bin/cc   -DCHECK_FUNCTION_EXISTS=pthread_create   -o CMakeFiles/cmTryCompileExec31345207.dir/CheckFunctionExists.c.o   -c /usr/share/cmake-2.8/Modules/CheckFunctionExists.c
Linking C executable cmTryCompileExec31345207
/usr/bin/cmake -E cmake_link_script CMakeFiles/cmTryCompileExec31345207.dir/link.txt --verbose=1
/usr/bin/cc   -DCHECK_FUNCTION_EXISTS=pthread_create    CMakeFiles/cmTryCompileExec31345207.dir/CheckFunctionExists.c.o  -o cmTryCompileExec31345207 -rdynamic -lpthreads 
/usr/bin/ld: cannot find -lpthreads
collect2: error: ld returned 1 exit status
make[1]: *** [cmTryCompileExec31345207] Error 1
make[1]: Leaving directory `/home/ahlab/AirTurtle/basic_funcionalities/line_sensor/build/CMakeFiles/CMakeTmp'
make: *** [cmTryCompileExec31345207/fast] Error 2


